<?xml version="1.0" encoding="UTF-8"?>
<!-- Generated by org.testng.reporters.JUnitXMLReporter -->
<testsuite hostname="slearn-xbt" ignored="5" name="Test" tests="3" failures="0" timestamp="2021-07-03T14:41:08 MYT" time="12.227" errors="0">
  <testcase name="Login" time="0.748" classname="test.LoginTest"/>
  <testcase name="testcase1b" time="0.54" classname="test.ProductSelectionTest"/>
  <testcase name="testcase2" time="0.365" classname="test.ProductSelectionTest"/>
  <testcase name="@BeforeTest setup" time="0.0" classname="test.Baseclass">
    <ignored/>
  </testcase> <!-- @BeforeTest setup -->
  <testcase name="@AfterTest teardown" time="0.0" classname="test.Baseclass">
    <ignored/>
  </testcase> <!-- @AfterTest teardown -->
  <testcase name="testcase1a" time="0.0" classname="test.ProductSelectionTest">
    <ignored/>
  </testcase> <!-- testcase1a -->
  <testcase name="LoginTestcase2" time="0.0" classname="test.LoginTest">
    <ignored/>
  </testcase> <!-- LoginTestcase2 -->
  <testcase name="@BeforeTest remoteSetup" time="0.0" classname="test.Baseclass">
    <ignored/>
  </testcase> <!-- @BeforeTest remoteSetup -->
</testsuite> <!-- Test -->
