<?xml version="1.0" encoding="UTF-8"?>
<!-- Generated by org.testng.reporters.JUnitXMLReporter -->
<testsuite hostname="slearn-xbt" ignored="4" name="Test" tests="3" failures="0" timestamp="2021-06-27T18:48:47 MYT" time="7.055" errors="0">
  <testcase name="LoginTestcase2" time="0.578" classname="test.LoginTest"/>
  <testcase name="testcase1b" time="0.207" classname="test.ProductSelectionTest"/>
  <testcase name="testcase2" time="0.211" classname="test.ProductSelectionTest"/>
  <testcase name="@BeforeTest setup" time="0.0" classname="test.Baseclass">
    <ignored/>
  </testcase> <!-- @BeforeTest setup -->
  <testcase name="@AfterTest teardown" time="0.0" classname="test.Baseclass">
    <ignored/>
  </testcase> <!-- @AfterTest teardown -->
  <testcase name="testcase1a" time="0.0" classname="test.ProductSelectionTest">
    <ignored/>
  </testcase> <!-- testcase1a -->
  <testcase name="Login" time="0.0" classname="test.LoginTest">
    <ignored/>
  </testcase> <!-- Login -->
</testsuite> <!-- Test -->
